----- Reading file out-dats-8255561.wlm01/10pipe_k.cnf.gz-long-conf-3.dat -------
Read 600 datapoints from out-dats-8255561.wlm01/10pipe_k.cnf.gz-long-conf-3.dat
----- Reading file out-dats-8255561.wlm01/10pipe_q0_k.cnf.gz-long-conf-3.dat -------
Read 600 datapoints from out-dats-8255561.wlm01/10pipe_q0_k.cnf.gz-long-conf-3.dat
----- Reading file out-dats-8255561.wlm01/11pipe_11_ooo.cnf.gz-long-conf-3.dat -------
Read 600 datapoints from out-dats-8255561.wlm01/11pipe_11_ooo.cnf.gz-long-conf-3.dat
----- Reading file out-dats-8255561.wlm01/11pipe_k.cnf.gz-long-conf-3.dat -------
Read 600 datapoints from out-dats-8255561.wlm01/11pipe_k.cnf.gz-long-conf-3.dat
----- Reading file out-dats-8255561.wlm01/11pipe_q0_k.cnf.gz-long-conf-3.dat -------
Read 600 datapoints from out-dats-8255561.wlm01/11pipe_q0_k.cnf.gz-long-conf-3.dat
----- Reading file out-dats-8255561.wlm01/12pipe_q0_k.cnf.gz-long-conf-3.dat -------
Read 600 datapoints from out-dats-8255561.wlm01/12pipe_q0_k.cnf.gz-long-conf-3.dat
----- Reading file out-dats-8255561.wlm01/13pipe_q0_k.cnf.gz-long-conf-3.dat -------
Read 600 datapoints from out-dats-8255561.wlm01/13pipe_q0_k.cnf.gz-long-conf-3.dat
----- Reading file out-dats-8255561.wlm01/14pipe_q0_k.cnf.gz-long-conf-3.dat -------
Read 600 datapoints from out-dats-8255561.wlm01/14pipe_q0_k.cnf.gz-long-conf-3.dat
----- Reading file out-dats-8255561.wlm01/15pipe_q0_k.cnf.gz-long-conf-3.dat -------
Read 600 datapoints from out-dats-8255561.wlm01/15pipe_q0_k.cnf.gz-long-conf-3.dat
----- Reading file out-dats-8255561.wlm01/6s10.cnf.gz-long-conf-3.dat -------
Read 600 datapoints from out-dats-8255561.wlm01/6s10.cnf.gz-long-conf-3.dat
----- Reading file out-dats-8255561.wlm01/6s11-opt.cnf.gz-long-conf-3.dat -------
Read 600 datapoints from out-dats-8255561.wlm01/6s11-opt.cnf.gz-long-conf-3.dat
----- Reading file out-dats-8255561.wlm01/6s123.cnf.gz-long-conf-3.dat -------
Read 600 datapoints from out-dats-8255561.wlm01/6s123.cnf.gz-long-conf-3.dat
----- Reading file out-dats-8255561.wlm01/6s126-opt.cnf.gz-long-conf-3.dat -------
Read 600 datapoints from out-dats-8255561.wlm01/6s126-opt.cnf.gz-long-conf-3.dat
----- Reading file out-dats-8255561.wlm01/6s130-opt.cnf.gz-long-conf-3.dat -------
Read 600 datapoints from out-dats-8255561.wlm01/6s130-opt.cnf.gz-long-conf-3.dat
----- Reading file out-dats-8255561.wlm01/6s131-opt.cnf.gz-long-conf-3.dat -------
Read 600 datapoints from out-dats-8255561.wlm01/6s131-opt.cnf.gz-long-conf-3.dat
----- Reading file out-dats-8255561.wlm01/6s133.cnf.gz-long-conf-3.dat -------
Read 600 datapoints from out-dats-8255561.wlm01/6s133.cnf.gz-long-conf-3.dat
----- Reading file out-dats-8255561.wlm01/6s137.cnf.gz-long-conf-3.dat -------
Read 600 datapoints from out-dats-8255561.wlm01/6s137.cnf.gz-long-conf-3.dat
----- Reading file out-dats-8255561.wlm01/6s13-opt.cnf.gz-long-conf-3.dat -------
Read 600 datapoints from out-dats-8255561.wlm01/6s13-opt.cnf.gz-long-conf-3.dat
----- Reading file out-dats-8255561.wlm01/6s153.cnf.gz-long-conf-3.dat -------
Read 600 datapoints from out-dats-8255561.wlm01/6s153.cnf.gz-long-conf-3.dat
----- Reading file out-dats-8255561.wlm01/6s165-nonopt.cnf.gz-long-conf-3.dat -------
Read 600 datapoints from out-dats-8255561.wlm01/6s165-nonopt.cnf.gz-long-conf-3.dat
----- Reading file out-dats-8255561.wlm01/6s167-opt.cnf.gz-long-conf-3.dat -------
Read 600 datapoints from out-dats-8255561.wlm01/6s167-opt.cnf.gz-long-conf-3.dat
----- Reading file out-dats-8255561.wlm01/6s168-opt.cnf.gz-long-conf-3.dat -------
Read 600 datapoints from out-dats-8255561.wlm01/6s168-opt.cnf.gz-long-conf-3.dat
----- Reading file out-dats-8255561.wlm01/6s169-opt.cnf.gz-long-conf-3.dat -------
Read 600 datapoints from out-dats-8255561.wlm01/6s169-opt.cnf.gz-long-conf-3.dat
----- Reading file out-dats-8255561.wlm01/6s16.cnf.gz-long-conf-3.dat -------
Read 600 datapoints from out-dats-8255561.wlm01/6s16.cnf.gz-long-conf-3.dat
----- Reading file out-dats-8255561.wlm01/6s16-opt.cnf.gz-long-conf-3.dat -------
Read 600 datapoints from out-dats-8255561.wlm01/6s16-opt.cnf.gz-long-conf-3.dat
----- Reading file out-dats-8255561.wlm01/6s17-opt.cnf.gz-long-conf-3.dat -------
Read 600 datapoints from out-dats-8255561.wlm01/6s17-opt.cnf.gz-long-conf-3.dat
----- Reading file out-dats-8255561.wlm01/6s184.cnf.gz-long-conf-3.dat -------
Read 600 datapoints from out-dats-8255561.wlm01/6s184.cnf.gz-long-conf-3.dat
----- Reading file out-dats-8255561.wlm01/6s9.cnf.gz-long-conf-3.dat -------
Read 600 datapoints from out-dats-8255561.wlm01/6s9.cnf.gz-long-conf-3.dat
----- Reading file out-dats-8255561.wlm01/7pipe_k.cnf.gz-long-conf-3.dat -------
Read 600 datapoints from out-dats-8255561.wlm01/7pipe_k.cnf.gz-long-conf-3.dat
----- Reading file out-dats-8255561.wlm01/8pipe_k.cnf.gz-long-conf-3.dat -------
Read 600 datapoints from out-dats-8255561.wlm01/8pipe_k.cnf.gz-long-conf-3.dat
----- Reading file out-dats-8255561.wlm01/9dlx_vliw_at_b_iq3.cnf.gz-long-conf-3.dat -------
Read 600 datapoints from out-dats-8255561.wlm01/9dlx_vliw_at_b_iq3.cnf.gz-long-conf-3.dat
----- Reading file out-dats-8255561.wlm01/9dlx_vliw_at_b_iq4.cnf.gz-long-conf-3.dat -------
Read 600 datapoints from out-dats-8255561.wlm01/9dlx_vliw_at_b_iq4.cnf.gz-long-conf-3.dat
----- Reading file out-dats-8255561.wlm01/9dlx_vliw_at_b_iq4.used-as.sat04-345.cnf.gz-long-conf-3.dat -------
Read 600 datapoints from out-dats-8255561.wlm01/9dlx_vliw_at_b_iq4.used-as.sat04-345.cnf.gz-long-conf-3.dat
----- Reading file out-dats-8255561.wlm01/9dlx_vliw_at_b_iq6.used-as.sat04-347.cnf.gz-long-conf-3.dat -------
Read 600 datapoints from out-dats-8255561.wlm01/9dlx_vliw_at_b_iq6.used-as.sat04-347.cnf.gz-long-conf-3.dat
----- Reading file out-dats-8255561.wlm01/9dlx_vliw_at_b_iq7.cnf.gz-long-conf-3.dat -------
Read 600 datapoints from out-dats-8255561.wlm01/9dlx_vliw_at_b_iq7.cnf.gz-long-conf-3.dat
----- Reading file out-dats-8255561.wlm01/9dlx_vliw_at_b_iq9.used-as.sat04-719.cnf.gz-long-conf-3.dat -------
Read 600 datapoints from out-dats-8255561.wlm01/9dlx_vliw_at_b_iq9.used-as.sat04-719.cnf.gz-long-conf-3.dat
----- Reading file out-dats-8255561.wlm01/aaai10-planning-ipc5-pathways-13-step17.cnf.gz-long-conf-3.dat -------
Read 600 datapoints from out-dats-8255561.wlm01/aaai10-planning-ipc5-pathways-13-step17.cnf.gz-long-conf-3.dat
----- Reading file out-dats-8255561.wlm01/aaai10-planning-ipc5-pathways-17-step20.cnf.gz-long-conf-3.dat -------
Read 600 datapoints from out-dats-8255561.wlm01/aaai10-planning-ipc5-pathways-17-step20.cnf.gz-long-conf-3.dat
----- Reading file out-dats-8255561.wlm01/aaai10-planning-ipc5-TPP-21-step11.cnf.gz-long-conf-3.dat -------
Read 600 datapoints from out-dats-8255561.wlm01/aaai10-planning-ipc5-TPP-21-step11.cnf.gz-long-conf-3.dat
----- Reading file out-dats-8255561.wlm01/ablmulub2x32o.cnf.gz-long-conf-3.dat -------
Read 600 datapoints from out-dats-8255561.wlm01/ablmulub2x32o.cnf.gz-long-conf-3.dat
----- Reading file out-dats-8255561.wlm01/ACG-15-10p0.cnf.gz-long-conf-3.dat -------
Read 600 datapoints from out-dats-8255561.wlm01/ACG-15-10p0.cnf.gz-long-conf-3.dat
----- Reading file out-dats-8255561.wlm01/ACG-20-10p0.cnf.gz-long-conf-3.dat -------
Read 600 datapoints from out-dats-8255561.wlm01/ACG-20-10p0.cnf.gz-long-conf-3.dat
----- Reading file out-dats-8255561.wlm01/ACG-20-5p0.cnf.gz-long-conf-3.dat -------
Read 600 datapoints from out-dats-8255561.wlm01/ACG-20-5p0.cnf.gz-long-conf-3.dat
----- Reading file out-dats-8255561.wlm01/add_01_1000_4.smt2-cvc4.cnf.gz-long-conf-3.dat -------
Read 433 datapoints from out-dats-8255561.wlm01/add_01_1000_4.smt2-cvc4.cnf.gz-long-conf-3.dat
----- Reading file out-dats-8255561.wlm01/AProVE07-03.cnf.gz-long-conf-3.dat -------
Read 600 datapoints from out-dats-8255561.wlm01/AProVE07-03.cnf.gz-long-conf-3.dat
----- Reading file out-dats-8255561.wlm01/AProVE07-08.cnf.gz-long-conf-3.dat -------
Read 600 datapoints from out-dats-8255561.wlm01/AProVE07-08.cnf.gz-long-conf-3.dat
----- Reading file out-dats-8255561.wlm01/AProVE07-27.cnf.gz-long-conf-3.dat -------
Read 600 datapoints from out-dats-8255561.wlm01/AProVE07-27.cnf.gz-long-conf-3.dat
----- Reading file out-dats-8255561.wlm01/AProVE11-06.cnf.gz-long-conf-3.dat -------
Read 600 datapoints from out-dats-8255561.wlm01/AProVE11-06.cnf.gz-long-conf-3.dat
----- Reading file out-dats-8255561.wlm01/arcfour_initialPermutation_6_14.cnf.gz-long-conf-3.dat -------
Read 342 datapoints from out-dats-8255561.wlm01/arcfour_initialPermutation_6_14.cnf.gz-long-conf-3.dat
----- Reading file out-dats-8255561.wlm01/atco_enc1_opt2_05_4.cnf.gz-long-conf-3.dat -------
Read 600 datapoints from out-dats-8255561.wlm01/atco_enc1_opt2_05_4.cnf.gz-long-conf-3.dat
----- Reading file out-dats-8255561.wlm01/atco_enc1_opt2_10_14.cnf.gz-long-conf-3.dat -------
Read 600 datapoints from out-dats-8255561.wlm01/atco_enc1_opt2_10_14.cnf.gz-long-conf-3.dat
----- Reading file out-dats-8255561.wlm01/atco_enc1_opt2_10_15.cnf.gz-long-conf-3.dat -------
Read 600 datapoints from out-dats-8255561.wlm01/atco_enc1_opt2_10_15.cnf.gz-long-conf-3.dat
----- Reading file out-dats-8255561.wlm01/atco_enc1_opt2_20_12.cnf.gz-long-conf-3.dat -------
Read 600 datapoints from out-dats-8255561.wlm01/atco_enc1_opt2_20_12.cnf.gz-long-conf-3.dat
----- Reading file out-dats-8255561.wlm01/atco_enc2_opt1_20_11.cnf.gz-long-conf-3.dat -------
Read 600 datapoints from out-dats-8255561.wlm01/atco_enc2_opt1_20_11.cnf.gz-long-conf-3.dat
----- Reading file out-dats-8255561.wlm01/atco_enc2_opt2_05_4.cnf.gz-long-conf-3.dat -------
Read 600 datapoints from out-dats-8255561.wlm01/atco_enc2_opt2_05_4.cnf.gz-long-conf-3.dat
----- Reading file out-dats-8255561.wlm01/atco_enc2_opt2_20_11.cnf.gz-long-conf-3.dat -------
Read 600 datapoints from out-dats-8255561.wlm01/atco_enc2_opt2_20_11.cnf.gz-long-conf-3.dat
----- Reading file out-dats-8255561.wlm01/atco_enc3_opt2_10_12.cnf.gz-long-conf-3.dat -------
Read 600 datapoints from out-dats-8255561.wlm01/atco_enc3_opt2_10_12.cnf.gz-long-conf-3.dat
----- Reading file out-dats-8255561.wlm01/atco_enc3_opt2_10_14.cnf.gz-long-conf-3.dat -------
Read 600 datapoints from out-dats-8255561.wlm01/atco_enc3_opt2_10_14.cnf.gz-long-conf-3.dat
----- Reading file out-dats-8255561.wlm01/barman-pfile07-027.sas.cr.37.cnf.gz-long-conf-3.dat -------
Read 591 datapoints from out-dats-8255561.wlm01/barman-pfile07-027.sas.cr.37.cnf.gz-long-conf-3.dat
----- Reading file out-dats-8255561.wlm01/barman-pfile07-028.sas.ex.15.cnf.gz-long-conf-3.dat -------
Read 308 datapoints from out-dats-8255561.wlm01/barman-pfile07-028.sas.ex.15.cnf.gz-long-conf-3.dat
----- Reading file out-dats-8255561.wlm01/barman-pfile08-030.sas.cr.27.cnf.gz-long-conf-3.dat -------
Read 0 datapoints from out-dats-8255561.wlm01/barman-pfile08-030.sas.cr.27.cnf.gz-long-conf-3.dat
----- Reading file out-dats-8255561.wlm01/barman-pfile08-032.sas.ex.15.cnf.gz-long-conf-3.dat -------
Read 0 datapoints from out-dats-8255561.wlm01/barman-pfile08-032.sas.ex.15.cnf.gz-long-conf-3.dat
----- Reading file out-dats-8255561.wlm01/barman-pfile09-036.sas.cr.33.cnf.gz-long-conf-3.dat -------
Read 329 datapoints from out-dats-8255561.wlm01/barman-pfile09-036.sas.cr.33.cnf.gz-long-conf-3.dat
----- Reading file out-dats-8255561.wlm01/barman-pfile10-038.sas.cr.25.cnf.gz-long-conf-3.dat -------
Read 0 datapoints from out-dats-8255561.wlm01/barman-pfile10-038.sas.cr.25.cnf.gz-long-conf-3.dat
----- Reading file out-dats-8255561.wlm01/barman-pfile10-038.sas.ex.15.cnf.gz-long-conf-3.dat -------
Read 0 datapoints from out-dats-8255561.wlm01/barman-pfile10-038.sas.ex.15.cnf.gz-long-conf-3.dat
----- Reading file out-dats-8255561.wlm01/barman-pfile10-039.sas.ex.15.cnf.gz-long-conf-3.dat -------
Read 0 datapoints from out-dats-8255561.wlm01/barman-pfile10-039.sas.ex.15.cnf.gz-long-conf-3.dat
----- Reading file out-dats-8255561.wlm01/barman-pfile10-040.sas.ex.15.cnf.gz-long-conf-3.dat -------
Read 0 datapoints from out-dats-8255561.wlm01/barman-pfile10-040.sas.ex.15.cnf.gz-long-conf-3.dat
----- Reading file out-dats-8255561.wlm01/beempgsol2b1.cnf.gz-long-conf-3.dat -------
Read 600 datapoints from out-dats-8255561.wlm01/beempgsol2b1.cnf.gz-long-conf-3.dat
----- Reading file out-dats-8255561.wlm01/beempgsol5b1.cnf.gz-long-conf-3.dat -------
Read 600 datapoints from out-dats-8255561.wlm01/beempgsol5b1.cnf.gz-long-conf-3.dat
----- Reading file out-dats-8255561.wlm01/bjrb07amba10andenv.cnf.gz-long-conf-3.dat -------
Read 600 datapoints from out-dats-8255561.wlm01/bjrb07amba10andenv.cnf.gz-long-conf-3.dat
----- Reading file out-dats-8255561.wlm01/blocks-blocks-37-1.130-NOTKNOWN.cnf.gz-long-conf-3.dat -------
Read 600 datapoints from out-dats-8255561.wlm01/blocks-blocks-37-1.130-NOTKNOWN.cnf.gz-long-conf-3.dat
----- Reading file out-dats-8255561.wlm01/bob12m02.cnf.gz-long-conf-3.dat -------
Read 600 datapoints from out-dats-8255561.wlm01/bob12m02.cnf.gz-long-conf-3.dat
----- Reading file out-dats-8255561.wlm01/bob12m02-opt.cnf.gz-long-conf-3.dat -------
Read 600 datapoints from out-dats-8255561.wlm01/bob12m02-opt.cnf.gz-long-conf-3.dat
----- Reading file out-dats-8255561.wlm01/bob12m04.cnf.gz-long-conf-3.dat -------
Read 582 datapoints from out-dats-8255561.wlm01/bob12m04.cnf.gz-long-conf-3.dat
----- Reading file out-dats-8255561.wlm01/bob12m09-opt.cnf.gz-long-conf-3.dat -------
Read 600 datapoints from out-dats-8255561.wlm01/bob12m09-opt.cnf.gz-long-conf-3.dat
----- Reading file out-dats-8255561.wlm01/bob12s02.cnf.gz-long-conf-3.dat -------
Read 600 datapoints from out-dats-8255561.wlm01/bob12s02.cnf.gz-long-conf-3.dat
----- Reading file out-dats-8255561.wlm01/bob12s09-opt.cnf.gz-long-conf-3.dat -------
Read 600 datapoints from out-dats-8255561.wlm01/bob12s09-opt.cnf.gz-long-conf-3.dat
----- Reading file out-dats-8255561.wlm01/c10bi_i.cnf.gz-long-conf-3.dat -------
Read 600 datapoints from out-dats-8255561.wlm01/c10bi_i.cnf.gz-long-conf-3.dat
----- Reading file out-dats-8255561.wlm01/countbitssrl032.cnf.gz-long-conf-3.dat -------
Read 600 datapoints from out-dats-8255561.wlm01/countbitssrl032.cnf.gz-long-conf-3.dat
----- Reading file out-dats-8255561.wlm01/cube-11-h13-unsat.cnf.gz-long-conf-3.dat -------
Read 600 datapoints from out-dats-8255561.wlm01/cube-11-h13-unsat.cnf.gz-long-conf-3.dat
----- Reading file out-dats-8255561.wlm01/dated-10-11-u.cnf.gz-long-conf-3.dat -------
Read 600 datapoints from out-dats-8255561.wlm01/dated-10-11-u.cnf.gz-long-conf-3.dat
----- Reading file out-dats-8255561.wlm01/dated-10-13-u.cnf.gz-long-conf-3.dat -------
Read 600 datapoints from out-dats-8255561.wlm01/dated-10-13-u.cnf.gz-long-conf-3.dat
----- Reading file out-dats-8255561.wlm01/dated-10-17-u.cnf.gz-long-conf-3.dat -------
Read 600 datapoints from out-dats-8255561.wlm01/dated-10-17-u.cnf.gz-long-conf-3.dat
----- Reading file out-dats-8255561.wlm01/E00N23.cnf.gz-long-conf-3.dat -------
Read 600 datapoints from out-dats-8255561.wlm01/E00N23.cnf.gz-long-conf-3.dat
----- Reading file out-dats-8255561.wlm01/eq.atree.braun.11.unsat.cnf.gz-long-conf-3.dat -------
Read 600 datapoints from out-dats-8255561.wlm01/eq.atree.braun.11.unsat.cnf.gz-long-conf-3.dat
----- Reading file out-dats-8255561.wlm01/g2-hwmcc15deep-6s105-k35.cnf.gz-long-conf-3.dat -------
Read 600 datapoints from out-dats-8255561.wlm01/g2-hwmcc15deep-6s105-k35.cnf.gz-long-conf-3.dat
----- Reading file out-dats-8255561.wlm01/g2-hwmcc15deep-6s179-k17.cnf.gz-long-conf-3.dat -------
Read 600 datapoints from out-dats-8255561.wlm01/g2-hwmcc15deep-6s179-k17.cnf.gz-long-conf-3.dat
----- Reading file out-dats-8255561.wlm01/g2-hwmcc15deep-6s188-k44.cnf.gz-long-conf-3.dat -------
Read 600 datapoints from out-dats-8255561.wlm01/g2-hwmcc15deep-6s188-k44.cnf.gz-long-conf-3.dat
----- Reading file out-dats-8255561.wlm01/g2-hwmcc15deep-6s188-k46.cnf.gz-long-conf-3.dat -------
Read 600 datapoints from out-dats-8255561.wlm01/g2-hwmcc15deep-6s188-k46.cnf.gz-long-conf-3.dat
----- Reading file out-dats-8255561.wlm01/g2-hwmcc15deep-6s33-k33.cnf.gz-long-conf-3.dat -------
Read 600 datapoints from out-dats-8255561.wlm01/g2-hwmcc15deep-6s33-k33.cnf.gz-long-conf-3.dat
----- Reading file out-dats-8255561.wlm01/g2-hwmcc15deep-6s33-k34.cnf.gz-long-conf-3.dat -------
Read 600 datapoints from out-dats-8255561.wlm01/g2-hwmcc15deep-6s33-k34.cnf.gz-long-conf-3.dat
----- Reading file out-dats-8255561.wlm01/g2-hwmcc15deep-6s340rb63-k16.cnf.gz-long-conf-3.dat -------
Read 600 datapoints from out-dats-8255561.wlm01/g2-hwmcc15deep-6s340rb63-k16.cnf.gz-long-conf-3.dat
----- Reading file out-dats-8255561.wlm01/g2-hwmcc15deep-6s340rb63-k22.cnf.gz-long-conf-3.dat -------
Read 600 datapoints from out-dats-8255561.wlm01/g2-hwmcc15deep-6s340rb63-k22.cnf.gz-long-conf-3.dat
----- Reading file out-dats-8255561.wlm01/g2-hwmcc15deep-6s341r-k16.cnf.gz-long-conf-3.dat -------
Read 600 datapoints from out-dats-8255561.wlm01/g2-hwmcc15deep-6s341r-k16.cnf.gz-long-conf-3.dat
----- Reading file out-dats-8255561.wlm01/g2-hwmcc15deep-6s341r-k19.cnf.gz-long-conf-3.dat -------
Read 600 datapoints from out-dats-8255561.wlm01/g2-hwmcc15deep-6s341r-k19.cnf.gz-long-conf-3.dat
----- Reading file out-dats-8255561.wlm01/g2-hwmcc15deep-6s366r-k72.cnf.gz-long-conf-3.dat -------
Read 600 datapoints from out-dats-8255561.wlm01/g2-hwmcc15deep-6s366r-k72.cnf.gz-long-conf-3.dat
----- Reading file out-dats-8255561.wlm01/g2-hwmcc15deep-6s44-k38.cnf.gz-long-conf-3.dat -------
Read 600 datapoints from out-dats-8255561.wlm01/g2-hwmcc15deep-6s44-k38.cnf.gz-long-conf-3.dat
----- Reading file out-dats-8255561.wlm01/g2-hwmcc15deep-6s44-k40.cnf.gz-long-conf-3.dat -------
Read 600 datapoints from out-dats-8255561.wlm01/g2-hwmcc15deep-6s44-k40.cnf.gz-long-conf-3.dat
----- Reading file out-dats-8255561.wlm01/g2-hwmcc15deep-6s516r-k17.cnf.gz-long-conf-3.dat -------
Read 600 datapoints from out-dats-8255561.wlm01/g2-hwmcc15deep-6s516r-k17.cnf.gz-long-conf-3.dat
----- Reading file out-dats-8255561.wlm01/g2-hwmcc15deep-beembkry8b1-k45.cnf.gz-long-conf-3.dat -------
Read 600 datapoints from out-dats-8255561.wlm01/g2-hwmcc15deep-beembkry8b1-k45.cnf.gz-long-conf-3.dat
----- Reading file out-dats-8255561.wlm01/g2-hwmcc15deep-beemhanoi4b1-k32.cnf.gz-long-conf-3.dat -------
Read 600 datapoints from out-dats-8255561.wlm01/g2-hwmcc15deep-beemhanoi4b1-k32.cnf.gz-long-conf-3.dat
----- Reading file out-dats-8255561.wlm01/g2-hwmcc15deep-beemlifts3b1-k29.cnf.gz-long-conf-3.dat -------
Read 600 datapoints from out-dats-8255561.wlm01/g2-hwmcc15deep-beemlifts3b1-k29.cnf.gz-long-conf-3.dat
----- Reading file out-dats-8255561.wlm01/g2-hwmcc15deep-beemloyd3b1-k31.cnf.gz-long-conf-3.dat -------
Read 600 datapoints from out-dats-8255561.wlm01/g2-hwmcc15deep-beemloyd3b1-k31.cnf.gz-long-conf-3.dat
----- Reading file out-dats-8255561.wlm01/g2-hwmcc15deep-oski15a10b10s-k20.cnf.gz-long-conf-3.dat -------
Read 600 datapoints from out-dats-8255561.wlm01/g2-hwmcc15deep-oski15a10b10s-k20.cnf.gz-long-conf-3.dat
----- Reading file out-dats-8255561.wlm01/g2-hwmcc15deep-oski15a14b04s-k16.cnf.gz-long-conf-3.dat -------
Read 600 datapoints from out-dats-8255561.wlm01/g2-hwmcc15deep-oski15a14b04s-k16.cnf.gz-long-conf-3.dat
----- Reading file out-dats-8255561.wlm01/g2-hwmcc15deep-oski15a14b30s-k24.cnf.gz-long-conf-3.dat -------
Read 600 datapoints from out-dats-8255561.wlm01/g2-hwmcc15deep-oski15a14b30s-k24.cnf.gz-long-conf-3.dat
----- Reading file out-dats-8255561.wlm01/g2-T55.2.0.cnf.gz-long-conf-3.dat -------
Read 417 datapoints from out-dats-8255561.wlm01/g2-T55.2.0.cnf.gz-long-conf-3.dat
----- Reading file out-dats-8255561.wlm01/g2-T58.2.0.cnf.gz-long-conf-3.dat -------
Read 493 datapoints from out-dats-8255561.wlm01/g2-T58.2.0.cnf.gz-long-conf-3.dat
----- Reading file out-dats-8255561.wlm01/g2-T65.2.0.cnf.gz-long-conf-3.dat -------
Read 600 datapoints from out-dats-8255561.wlm01/g2-T65.2.0.cnf.gz-long-conf-3.dat
----- Reading file out-dats-8255561.wlm01/g2-T75.2.0.cnf.gz-long-conf-3.dat -------
Read 533 datapoints from out-dats-8255561.wlm01/g2-T75.2.0.cnf.gz-long-conf-3.dat
----- Reading file out-dats-8255561.wlm01/g2-test_v5_r10_vr10_c1_s21502.smt2-cvc4.cnf.gz-long-conf-3.dat -------
Read 600 datapoints from out-dats-8255561.wlm01/g2-test_v5_r10_vr10_c1_s21502.smt2-cvc4.cnf.gz-long-conf-3.dat
----- Reading file out-dats-8255561.wlm01/grid-strips-grid-y-3.035-NOTKNOWN.cnf.gz-long-conf-3.dat -------
Read 488 datapoints from out-dats-8255561.wlm01/grid-strips-grid-y-3.035-NOTKNOWN.cnf.gz-long-conf-3.dat
----- Reading file out-dats-8255561.wlm01/gus-md5-10.cnf.gz-long-conf-3.dat -------
Read 600 datapoints from out-dats-8255561.wlm01/gus-md5-10.cnf.gz-long-conf-3.dat
----- Reading file out-dats-8255561.wlm01/gus-md5-12.cnf.gz-long-conf-3.dat -------
Read 600 datapoints from out-dats-8255561.wlm01/gus-md5-12.cnf.gz-long-conf-3.dat
----- Reading file out-dats-8255561.wlm01/hwmcc10-timeframe-expansion-k45-pdtpmsgoodbakery-tseitin.cnf.gz-long-conf-3.dat -------
Read 600 datapoints from out-dats-8255561.wlm01/hwmcc10-timeframe-expansion-k45-pdtpmsgoodbakery-tseitin.cnf.gz-long-conf-3.dat
----- Reading file out-dats-8255561.wlm01/hwmcc10-timeframe-expansion-k50-pdtpmsns2-tseitin.cnf.gz-long-conf-3.dat -------
Read 600 datapoints from out-dats-8255561.wlm01/hwmcc10-timeframe-expansion-k50-pdtpmsns2-tseitin.cnf.gz-long-conf-3.dat
----- Reading file out-dats-8255561.wlm01/IBM_FV_2004_rule_batch_1_31_1_SAT_dat.k40.debugged.cnf.gz-long-conf-3.dat -------
Read 600 datapoints from out-dats-8255561.wlm01/IBM_FV_2004_rule_batch_1_31_1_SAT_dat.k40.debugged.cnf.gz-long-conf-3.dat
----- Reading file out-dats-8255561.wlm01/jgiraldezlevy.2200.9086.08.40.109.cnf.gz-long-conf-3.dat -------
Read 600 datapoints from out-dats-8255561.wlm01/jgiraldezlevy.2200.9086.08.40.109.cnf.gz-long-conf-3.dat
----- Reading file out-dats-8255561.wlm01/jgiraldezlevy.2200.9086.08.40.46.cnf.gz-long-conf-3.dat -------
Read 600 datapoints from out-dats-8255561.wlm01/jgiraldezlevy.2200.9086.08.40.46.cnf.gz-long-conf-3.dat
----- Reading file out-dats-8255561.wlm01/k2mul.miter.cnf.gz-long-conf-3.dat -------
Read 600 datapoints from out-dats-8255561.wlm01/k2mul.miter.cnf.gz-long-conf-3.dat
----- Reading file out-dats-8255561.wlm01/korf-17.cnf.gz-long-conf-3.dat -------
Read 600 datapoints from out-dats-8255561.wlm01/korf-17.cnf.gz-long-conf-3.dat
----- Reading file out-dats-8255561.wlm01/korf-18.cnf.gz-long-conf-3.dat -------
Read 600 datapoints from out-dats-8255561.wlm01/korf-18.cnf.gz-long-conf-3.dat
----- Reading file out-dats-8255561.wlm01/manol-pipe-c10nid_i.cnf.gz-long-conf-3.dat -------
Read 600 datapoints from out-dats-8255561.wlm01/manol-pipe-c10nid_i.cnf.gz-long-conf-3.dat
----- Reading file out-dats-8255561.wlm01/manol-pipe-c10nidw.cnf.gz-long-conf-3.dat -------
Read 600 datapoints from out-dats-8255561.wlm01/manol-pipe-c10nidw.cnf.gz-long-conf-3.dat
----- Reading file out-dats-8255561.wlm01/manol-pipe-c10nidw_s.cnf.gz-long-conf-3.dat -------
Read 304 datapoints from out-dats-8255561.wlm01/manol-pipe-c10nidw_s.cnf.gz-long-conf-3.dat
----- Reading file out-dats-8255561.wlm01/manol-pipe-c8nidw.cnf.gz-long-conf-3.dat -------
Read 600 datapoints from out-dats-8255561.wlm01/manol-pipe-c8nidw.cnf.gz-long-conf-3.dat
----- Reading file out-dats-8255561.wlm01/manol-pipe-g10bid_i.cnf.gz-long-conf-3.dat -------
Read 600 datapoints from out-dats-8255561.wlm01/manol-pipe-g10bid_i.cnf.gz-long-conf-3.dat
----- Reading file out-dats-8255561.wlm01/manthey_single-ordered-initialized-w26-b7.cnf.gz-long-conf-3.dat -------
Read 0 datapoints from out-dats-8255561.wlm01/manthey_single-ordered-initialized-w26-b7.cnf.gz-long-conf-3.dat
----- Reading file out-dats-8255561.wlm01/manthey_single-ordered-initialized-w26-b8.cnf.gz-long-conf-3.dat -------
Read 0 datapoints from out-dats-8255561.wlm01/manthey_single-ordered-initialized-w26-b8.cnf.gz-long-conf-3.dat
----- Reading file out-dats-8255561.wlm01/manthey_single-ordered-initialized-w28-b8.cnf.gz-long-conf-3.dat -------
Read 324 datapoints from out-dats-8255561.wlm01/manthey_single-ordered-initialized-w28-b8.cnf.gz-long-conf-3.dat
----- Reading file out-dats-8255561.wlm01/manthey_single-ordered-initialized-w32-b9.cnf.gz-long-conf-3.dat -------
Read 523 datapoints from out-dats-8255561.wlm01/manthey_single-ordered-initialized-w32-b9.cnf.gz-long-conf-3.dat
----- Reading file out-dats-8255561.wlm01/manthey_single-ordered-initialized-w40-b10.cnf.gz-long-conf-3.dat -------
Read 600 datapoints from out-dats-8255561.wlm01/manthey_single-ordered-initialized-w40-b10.cnf.gz-long-conf-3.dat
----- Reading file out-dats-8255561.wlm01/manthey_single-ordered-initialized-w40-b8.cnf.gz-long-conf-3.dat -------
Read 600 datapoints from out-dats-8255561.wlm01/manthey_single-ordered-initialized-w40-b8.cnf.gz-long-conf-3.dat
----- Reading file out-dats-8255561.wlm01/manthey_single-ordered-initialized-w42-b8.cnf.gz-long-conf-3.dat -------
Read 600 datapoints from out-dats-8255561.wlm01/manthey_single-ordered-initialized-w42-b8.cnf.gz-long-conf-3.dat
----- Reading file out-dats-8255561.wlm01/manthey_single-ordered-initialized-w42-b9.cnf.gz-long-conf-3.dat -------
Read 600 datapoints from out-dats-8255561.wlm01/manthey_single-ordered-initialized-w42-b9.cnf.gz-long-conf-3.dat
----- Reading file out-dats-8255561.wlm01/manthey_single-ordered-initialized-w44-b6.cnf.gz-long-conf-3.dat -------
Read 600 datapoints from out-dats-8255561.wlm01/manthey_single-ordered-initialized-w44-b6.cnf.gz-long-conf-3.dat
----- Reading file out-dats-8255561.wlm01/manthey_single-ordered-initialized-w44-b7.cnf.gz-long-conf-3.dat -------
Read 600 datapoints from out-dats-8255561.wlm01/manthey_single-ordered-initialized-w44-b7.cnf.gz-long-conf-3.dat
----- Reading file out-dats-8255561.wlm01/manthey_single-ordered-initialized-w44-b9.cnf.gz-long-conf-3.dat -------
Read 600 datapoints from out-dats-8255561.wlm01/manthey_single-ordered-initialized-w44-b9.cnf.gz-long-conf-3.dat
----- Reading file out-dats-8255561.wlm01/manthey_single-ordered-initialized-w46-b7.cnf.gz-long-conf-3.dat -------
Read 600 datapoints from out-dats-8255561.wlm01/manthey_single-ordered-initialized-w46-b7.cnf.gz-long-conf-3.dat
----- Reading file out-dats-8255561.wlm01/manthey_single-ordered-initialized-w46-b8.cnf.gz-long-conf-3.dat -------
Read 600 datapoints from out-dats-8255561.wlm01/manthey_single-ordered-initialized-w46-b8.cnf.gz-long-conf-3.dat
----- Reading file out-dats-8255561.wlm01/manthey_single-ordered-initialized-w50-b6.cnf.gz-long-conf-3.dat -------
Read 600 datapoints from out-dats-8255561.wlm01/manthey_single-ordered-initialized-w50-b6.cnf.gz-long-conf-3.dat
----- Reading file out-dats-8255561.wlm01/manthey_single-ordered-initialized-w50-b7.cnf.gz-long-conf-3.dat -------
Read 600 datapoints from out-dats-8255561.wlm01/manthey_single-ordered-initialized-w50-b7.cnf.gz-long-conf-3.dat
----- Reading file out-dats-8255561.wlm01/manthey_single-ordered-initialized-w52-b6.cnf.gz-long-conf-3.dat -------
Read 600 datapoints from out-dats-8255561.wlm01/manthey_single-ordered-initialized-w52-b6.cnf.gz-long-conf-3.dat
----- Reading file out-dats-8255561.wlm01/maxxor032.cnf.gz-long-conf-3.dat -------
Read 600 datapoints from out-dats-8255561.wlm01/maxxor032.cnf.gz-long-conf-3.dat
----- Reading file out-dats-8255561.wlm01/maxxororand032.cnf.gz-long-conf-3.dat -------
Read 600 datapoints from out-dats-8255561.wlm01/maxxororand032.cnf.gz-long-conf-3.dat
----- Reading file out-dats-8255561.wlm01/minandmaxor128.cnf.gz-long-conf-3.dat -------
Read 600 datapoints from out-dats-8255561.wlm01/minandmaxor128.cnf.gz-long-conf-3.dat
----- Reading file out-dats-8255561.wlm01/minxor128.cnf.gz-long-conf-3.dat -------
Read 600 datapoints from out-dats-8255561.wlm01/minxor128.cnf.gz-long-conf-3.dat
----- Reading file out-dats-8255561.wlm01/minxorminand064.cnf.gz-long-conf-3.dat -------
Read 600 datapoints from out-dats-8255561.wlm01/minxorminand064.cnf.gz-long-conf-3.dat
----- Reading file out-dats-8255561.wlm01/minxorminand128.cnf.gz-long-conf-3.dat -------
Read 600 datapoints from out-dats-8255561.wlm01/minxorminand128.cnf.gz-long-conf-3.dat
----- Reading file out-dats-8255561.wlm01/modgen-n200-m90860q08c40-14424.cnf.gz-long-conf-3.dat -------
Read 540 datapoints from out-dats-8255561.wlm01/modgen-n200-m90860q08c40-14424.cnf.gz-long-conf-3.dat
----- Reading file out-dats-8255561.wlm01/modgen-n200-m90860q08c40-28046.cnf.gz-long-conf-3.dat -------
Read 0 datapoints from out-dats-8255561.wlm01/modgen-n200-m90860q08c40-28046.cnf.gz-long-conf-3.dat
----- Reading file out-dats-8255561.wlm01/mp1-blockpuzzle_5x10_s2_free5.cnf.gz-long-conf-3.dat -------
Read 600 datapoints from out-dats-8255561.wlm01/mp1-blockpuzzle_5x10_s2_free5.cnf.gz-long-conf-3.dat
----- Reading file out-dats-8255561.wlm01/mp1-blockpuzzle_5x10_s3_free4.cnf.gz-long-conf-3.dat -------
Read 600 datapoints from out-dats-8255561.wlm01/mp1-blockpuzzle_5x10_s3_free4.cnf.gz-long-conf-3.dat
----- Reading file out-dats-8255561.wlm01/mp1-blockpuzzle_5x10_s5_free3.cnf.gz-long-conf-3.dat -------
Read 600 datapoints from out-dats-8255561.wlm01/mp1-blockpuzzle_5x10_s5_free3.cnf.gz-long-conf-3.dat
----- Reading file out-dats-8255561.wlm01/mp1-blockpuzzle_5x10_s7_free4.cnf.gz-long-conf-3.dat -------
Read 600 datapoints from out-dats-8255561.wlm01/mp1-blockpuzzle_5x10_s7_free4.cnf.gz-long-conf-3.dat
----- Reading file out-dats-8255561.wlm01/mp1-blockpuzzle_5x10_s8_free3.cnf.gz-long-conf-3.dat -------
Read 600 datapoints from out-dats-8255561.wlm01/mp1-blockpuzzle_5x10_s8_free3.cnf.gz-long-conf-3.dat
----- Reading file out-dats-8255561.wlm01/mp1-blockpuzzle_5x12_s6_free3.cnf.gz-long-conf-3.dat -------
Read 600 datapoints from out-dats-8255561.wlm01/mp1-blockpuzzle_5x12_s6_free3.cnf.gz-long-conf-3.dat
----- Reading file out-dats-8255561.wlm01/mp1-blockpuzzle_7x10_s10_free4.cnf.gz-long-conf-3.dat -------
Read 600 datapoints from out-dats-8255561.wlm01/mp1-blockpuzzle_7x10_s10_free4.cnf.gz-long-conf-3.dat
----- Reading file out-dats-8255561.wlm01/mp1-blockpuzzle_7x10_s9_free6.cnf.gz-long-conf-3.dat -------
Read 600 datapoints from out-dats-8255561.wlm01/mp1-blockpuzzle_7x10_s9_free6.cnf.gz-long-conf-3.dat
----- Reading file out-dats-8255561.wlm01/mp1-blockpuzzle_8x8_s1_free4.cnf.gz-long-conf-3.dat -------
Read 600 datapoints from out-dats-8255561.wlm01/mp1-blockpuzzle_8x8_s1_free4.cnf.gz-long-conf-3.dat
----- Reading file out-dats-8255561.wlm01/mp1-blockpuzzle_9x9_s4_free3.cnf.gz-long-conf-3.dat -------
Read 600 datapoints from out-dats-8255561.wlm01/mp1-blockpuzzle_9x9_s4_free3.cnf.gz-long-conf-3.dat
----- Reading file out-dats-8255561.wlm01/mp1-blockpuzzle_9x9_s5_free3.cnf.gz-long-conf-3.dat -------
Read 600 datapoints from out-dats-8255561.wlm01/mp1-blockpuzzle_9x9_s5_free3.cnf.gz-long-conf-3.dat
----- Reading file out-dats-8255561.wlm01/mp1-blockpuzzle_9x9_s8_free3.cnf.gz-long-conf-3.dat -------
Read 600 datapoints from out-dats-8255561.wlm01/mp1-blockpuzzle_9x9_s8_free3.cnf.gz-long-conf-3.dat
----- Reading file out-dats-8255561.wlm01/mp1-bsat180-648.cnf.gz-long-conf-3.dat -------
Read 600 datapoints from out-dats-8255561.wlm01/mp1-bsat180-648.cnf.gz-long-conf-3.dat
----- Reading file out-dats-8255561.wlm01/mp1-bsat192-689.cnf.gz-long-conf-3.dat -------
Read 600 datapoints from out-dats-8255561.wlm01/mp1-bsat192-689.cnf.gz-long-conf-3.dat
----- Reading file out-dats-8255561.wlm01/mp1-bsat201-707.cnf.gz-long-conf-3.dat -------
Read 600 datapoints from out-dats-8255561.wlm01/mp1-bsat201-707.cnf.gz-long-conf-3.dat
----- Reading file out-dats-8255561.wlm01/mp1-bsat210-739.cnf.gz-long-conf-3.dat -------
Read 600 datapoints from out-dats-8255561.wlm01/mp1-bsat210-739.cnf.gz-long-conf-3.dat
----- Reading file out-dats-8255561.wlm01/mp1-klieber2017s-1600-022-eq.cnf.gz-long-conf-3.dat -------
Read 600 datapoints from out-dats-8255561.wlm01/mp1-klieber2017s-1600-022-eq.cnf.gz-long-conf-3.dat
----- Reading file out-dats-8255561.wlm01/mp1-Nb5T06.cnf.gz-long-conf-3.dat -------
Read 600 datapoints from out-dats-8255561.wlm01/mp1-Nb5T06.cnf.gz-long-conf-3.dat
----- Reading file out-dats-8255561.wlm01/mp1-Nb6T06.cnf.gz-long-conf-3.dat -------
Read 600 datapoints from out-dats-8255561.wlm01/mp1-Nb6T06.cnf.gz-long-conf-3.dat
----- Reading file out-dats-8255561.wlm01/mp1-ps_5000_21250_3_0_0.8_0_1.50_0.cnf.gz-long-conf-3.dat -------
Read 600 datapoints from out-dats-8255561.wlm01/mp1-ps_5000_21250_3_0_0.8_0_1.50_0.cnf.gz-long-conf-3.dat
----- Reading file out-dats-8255561.wlm01/mp1-ps_5000_21250_3_0_0.8_0_1.50_2.cnf.gz-long-conf-3.dat -------
Read 600 datapoints from out-dats-8255561.wlm01/mp1-ps_5000_21250_3_0_0.8_0_1.50_2.cnf.gz-long-conf-3.dat
----- Reading file out-dats-8255561.wlm01/mp1-ps_5000_21250_3_0_0.8_0_1.50_4.cnf.gz-long-conf-3.dat -------
Read 600 datapoints from out-dats-8255561.wlm01/mp1-ps_5000_21250_3_0_0.8_0_1.50_4.cnf.gz-long-conf-3.dat
----- Reading file out-dats-8255561.wlm01/mp1-ps_5000_21250_3_0_0.8_0_1.50_6.cnf.gz-long-conf-3.dat -------
Read 600 datapoints from out-dats-8255561.wlm01/mp1-ps_5000_21250_3_0_0.8_0_1.50_6.cnf.gz-long-conf-3.dat
----- Reading file out-dats-8255561.wlm01/mp1-ps_5000_21250_3_0_0.8_0_1.50_8.cnf.gz-long-conf-3.dat -------
Read 600 datapoints from out-dats-8255561.wlm01/mp1-ps_5000_21250_3_0_0.8_0_1.50_8.cnf.gz-long-conf-3.dat
----- Reading file out-dats-8255561.wlm01/mp1-ps_5000_21250_3_0_0.8_0_1.55_2.cnf.gz-long-conf-3.dat -------
Read 600 datapoints from out-dats-8255561.wlm01/mp1-ps_5000_21250_3_0_0.8_0_1.55_2.cnf.gz-long-conf-3.dat
----- Reading file out-dats-8255561.wlm01/mp1-rubikcube101.cnf.gz-long-conf-3.dat -------
Read 600 datapoints from out-dats-8255561.wlm01/mp1-rubikcube101.cnf.gz-long-conf-3.dat
----- Reading file out-dats-8255561.wlm01/mp1-rubikcube301.cnf.gz-long-conf-3.dat -------
Read 600 datapoints from out-dats-8255561.wlm01/mp1-rubikcube301.cnf.gz-long-conf-3.dat
----- Reading file out-dats-8255561.wlm01/mp1-rubikcube601.cnf.gz-long-conf-3.dat -------
Read 600 datapoints from out-dats-8255561.wlm01/mp1-rubikcube601.cnf.gz-long-conf-3.dat
----- Reading file out-dats-8255561.wlm01/mp1-rubikcube701.cnf.gz-long-conf-3.dat -------
Read 600 datapoints from out-dats-8255561.wlm01/mp1-rubikcube701.cnf.gz-long-conf-3.dat
----- Reading file out-dats-8255561.wlm01/mp1-rubikcube901.cnf.gz-long-conf-3.dat -------
Read 600 datapoints from out-dats-8255561.wlm01/mp1-rubikcube901.cnf.gz-long-conf-3.dat
----- Reading file out-dats-8255561.wlm01/mp1-squ_any_s09x07_c27_sinz_UNS.cnf.gz-long-conf-3.dat -------
Read 600 datapoints from out-dats-8255561.wlm01/mp1-squ_any_s09x07_c27_sinz_UNS.cnf.gz-long-conf-3.dat
----- Reading file out-dats-8255561.wlm01/mp1-tri_ali_s11_c35_abio_UNS.cnf.gz-long-conf-3.dat -------
Read 600 datapoints from out-dats-8255561.wlm01/mp1-tri_ali_s11_c35_abio_UNS.cnf.gz-long-conf-3.dat
----- Reading file out-dats-8255561.wlm01/mp1-tri_ali_s11_c35_abix_UNS.cnf.gz-long-conf-3.dat -------
Read 600 datapoints from out-dats-8255561.wlm01/mp1-tri_ali_s11_c35_abix_UNS.cnf.gz-long-conf-3.dat
----- Reading file out-dats-8255561.wlm01/mp1-tri_ali_s11_c35_bail_UNS.cnf.gz-long-conf-3.dat -------
Read 600 datapoints from out-dats-8255561.wlm01/mp1-tri_ali_s11_c35_bail_UNS.cnf.gz-long-conf-3.dat
----- Reading file out-dats-8255561.wlm01/mp1-tri_ali_s11_c35_sinx_UNS.cnf.gz-long-conf-3.dat -------
Read 600 datapoints from out-dats-8255561.wlm01/mp1-tri_ali_s11_c35_sinx_UNS.cnf.gz-long-conf-3.dat
----- Reading file out-dats-8255561.wlm01/mp1-tri_ali_s11_c35_sinz_UNS.cnf.gz-long-conf-3.dat -------
Read 600 datapoints from out-dats-8255561.wlm01/mp1-tri_ali_s11_c35_sinz_UNS.cnf.gz-long-conf-3.dat
----- Reading file out-dats-8255561.wlm01/mrpp_4x4#12_12.cnf.gz-long-conf-3.dat -------
Read 600 datapoints from out-dats-8255561.wlm01/mrpp_4x4#12_12.cnf.gz-long-conf-3.dat
----- Reading file out-dats-8255561.wlm01/mrpp_6x6#16_9.cnf.gz-long-conf-3.dat -------
Read 539 datapoints from out-dats-8255561.wlm01/mrpp_6x6#16_9.cnf.gz-long-conf-3.dat
----- Reading file out-dats-8255561.wlm01/mrpp_6x6#18_9.cnf.gz-long-conf-3.dat -------
Read 600 datapoints from out-dats-8255561.wlm01/mrpp_6x6#18_9.cnf.gz-long-conf-3.dat
----- Reading file out-dats-8255561.wlm01/mrpp_6x6#20_10.cnf.gz-long-conf-3.dat -------
Read 600 datapoints from out-dats-8255561.wlm01/mrpp_6x6#20_10.cnf.gz-long-conf-3.dat
----- Reading file out-dats-8255561.wlm01/mrpp_8x8#18_12.cnf.gz-long-conf-3.dat -------
Read 302 datapoints from out-dats-8255561.wlm01/mrpp_8x8#18_12.cnf.gz-long-conf-3.dat
----- Reading file out-dats-8255561.wlm01/mrpp_8x8#22_10.cnf.gz-long-conf-3.dat -------
Read 0 datapoints from out-dats-8255561.wlm01/mrpp_8x8#22_10.cnf.gz-long-conf-3.dat
----- Reading file out-dats-8255561.wlm01/mrpp_8x8#24_11.cnf.gz-long-conf-3.dat -------
Read 600 datapoints from out-dats-8255561.wlm01/mrpp_8x8#24_11.cnf.gz-long-conf-3.dat
----- Reading file out-dats-8255561.wlm01/newton.2.2.i.smt2-cvc4.cnf.gz-long-conf-3.dat -------
Read 600 datapoints from out-dats-8255561.wlm01/newton.2.2.i.smt2-cvc4.cnf.gz-long-conf-3.dat
----- Reading file out-dats-8255561.wlm01/newton.2.3.i.smt2-stp212.cnf.gz-long-conf-3.dat -------
Read 600 datapoints from out-dats-8255561.wlm01/newton.2.3.i.smt2-stp212.cnf.gz-long-conf-3.dat
----- Reading file out-dats-8255561.wlm01/newton.3.3.i.smt2-stp212.cnf.gz-long-conf-3.dat -------
Read 600 datapoints from out-dats-8255561.wlm01/newton.3.3.i.smt2-stp212.cnf.gz-long-conf-3.dat
----- Reading file out-dats-8255561.wlm01/newton.4.3.i.smt2-stp212.cnf.gz-long-conf-3.dat -------
Read 600 datapoints from out-dats-8255561.wlm01/newton.4.3.i.smt2-stp212.cnf.gz-long-conf-3.dat
----- Reading file out-dats-8255561.wlm01/pb_300_10_lb_07.cnf.gz-long-conf-3.dat -------
Read 600 datapoints from out-dats-8255561.wlm01/pb_300_10_lb_07.cnf.gz-long-conf-3.dat
----- Reading file out-dats-8255561.wlm01/pb_300_10_lb_08.cnf.gz-long-conf-3.dat -------
Read 600 datapoints from out-dats-8255561.wlm01/pb_300_10_lb_08.cnf.gz-long-conf-3.dat
----- Reading file out-dats-8255561.wlm01/post-c32s-ss-8.cnf.gz-long-conf-3.dat -------
Read 600 datapoints from out-dats-8255561.wlm01/post-c32s-ss-8.cnf.gz-long-conf-3.dat
----- Reading file out-dats-8255561.wlm01/post-cbmc-aes-d-r2.cnf.gz-long-conf-3.dat -------
Read 600 datapoints from out-dats-8255561.wlm01/post-cbmc-aes-d-r2.cnf.gz-long-conf-3.dat
----- Reading file out-dats-8255561.wlm01/post-cbmc-aes-d-r2-noholes.cnf.gz-long-conf-3.dat -------
Read 600 datapoints from out-dats-8255561.wlm01/post-cbmc-aes-d-r2-noholes.cnf.gz-long-conf-3.dat
----- Reading file out-dats-8255561.wlm01/post-cbmc-aes-ee-r2-noholes.cnf.gz-long-conf-3.dat -------
Read 600 datapoints from out-dats-8255561.wlm01/post-cbmc-aes-ee-r2-noholes.cnf.gz-long-conf-3.dat
----- Reading file out-dats-8255561.wlm01/q_query_3_L100_coli.sat.cnf.gz-long-conf-3.dat -------
Read 600 datapoints from out-dats-8255561.wlm01/q_query_3_L100_coli.sat.cnf.gz-long-conf-3.dat
----- Reading file out-dats-8255561.wlm01/q_query_3_L150_coli.sat.cnf.gz-long-conf-3.dat -------
Read 600 datapoints from out-dats-8255561.wlm01/q_query_3_L150_coli.sat.cnf.gz-long-conf-3.dat
----- Reading file out-dats-8255561.wlm01/q_query_3_L200_coli.sat.cnf.gz-long-conf-3.dat -------
Read 600 datapoints from out-dats-8255561.wlm01/q_query_3_L200_coli.sat.cnf.gz-long-conf-3.dat
----- Reading file out-dats-8255561.wlm01/q_query_3_l45_lambda.cnf.gz-long-conf-3.dat -------
Read 600 datapoints from out-dats-8255561.wlm01/q_query_3_l45_lambda.cnf.gz-long-conf-3.dat
----- Reading file out-dats-8255561.wlm01/q_query_3_l46_lambda.cnf.gz-long-conf-3.dat -------
Read 600 datapoints from out-dats-8255561.wlm01/q_query_3_l46_lambda.cnf.gz-long-conf-3.dat
----- Reading file out-dats-8255561.wlm01/q_query_3_l48_lambda.cnf.gz-long-conf-3.dat -------
Read 600 datapoints from out-dats-8255561.wlm01/q_query_3_l48_lambda.cnf.gz-long-conf-3.dat
----- Reading file out-dats-8255561.wlm01/q_query_3_L80_coli.sat.cnf.gz-long-conf-3.dat -------
Read 600 datapoints from out-dats-8255561.wlm01/q_query_3_L80_coli.sat.cnf.gz-long-conf-3.dat
----- Reading file out-dats-8255561.wlm01/q_query_3_L90_coli.sat.cnf.gz-long-conf-3.dat -------
Read 600 datapoints from out-dats-8255561.wlm01/q_query_3_L90_coli.sat.cnf.gz-long-conf-3.dat
----- Reading file out-dats-8255561.wlm01/reg_s_2_unknown.cnf.gz-long-conf-3.dat -------
Read 600 datapoints from out-dats-8255561.wlm01/reg_s_2_unknown.cnf.gz-long-conf-3.dat
----- Reading file out-dats-8255561.wlm01/rpoc_xits_08_UNSAT.cnf.gz-long-conf-3.dat -------
Read 600 datapoints from out-dats-8255561.wlm01/rpoc_xits_08_UNSAT.cnf.gz-long-conf-3.dat
----- Reading file out-dats-8255561.wlm01/SAT_dat.k100-24_1_rule_1.cnf.gz-long-conf-3.dat -------
Read 600 datapoints from out-dats-8255561.wlm01/SAT_dat.k100-24_1_rule_1.cnf.gz-long-conf-3.dat
----- Reading file out-dats-8255561.wlm01/SAT_dat.k100-24_1_rule_2.cnf.gz-long-conf-3.dat -------
Read 600 datapoints from out-dats-8255561.wlm01/SAT_dat.k100-24_1_rule_2.cnf.gz-long-conf-3.dat
----- Reading file out-dats-8255561.wlm01/SAT_dat.k100-24_1_rule_3.cnf.gz-long-conf-3.dat -------
Read 600 datapoints from out-dats-8255561.wlm01/SAT_dat.k100-24_1_rule_3.cnf.gz-long-conf-3.dat
----- Reading file out-dats-8255561.wlm01/SAT_dat.k35-31_2_rule_2.cnf.gz-long-conf-3.dat -------
Read 600 datapoints from out-dats-8255561.wlm01/SAT_dat.k35-31_2_rule_2.cnf.gz-long-conf-3.dat
----- Reading file out-dats-8255561.wlm01/SAT_dat.k70-24_1_rule_1.cnf.gz-long-conf-3.dat -------
Read 600 datapoints from out-dats-8255561.wlm01/SAT_dat.k70-24_1_rule_1.cnf.gz-long-conf-3.dat
----- Reading file out-dats-8255561.wlm01/SAT_dat.k70-24_1_rule_3.cnf.gz-long-conf-3.dat -------
Read 600 datapoints from out-dats-8255561.wlm01/SAT_dat.k70-24_1_rule_3.cnf.gz-long-conf-3.dat
----- Reading file out-dats-8255561.wlm01/SAT_dat.k75-24_1_rule_3.cnf.gz-long-conf-3.dat -------
Read 600 datapoints from out-dats-8255561.wlm01/SAT_dat.k75-24_1_rule_3.cnf.gz-long-conf-3.dat
----- Reading file out-dats-8255561.wlm01/SAT_dat.k80-24_1_rule_1.cnf.gz-long-conf-3.dat -------
Read 600 datapoints from out-dats-8255561.wlm01/SAT_dat.k80-24_1_rule_1.cnf.gz-long-conf-3.dat
----- Reading file out-dats-8255561.wlm01/SAT_dat.k80-24_1_rule_2.cnf.gz-long-conf-3.dat -------
Read 600 datapoints from out-dats-8255561.wlm01/SAT_dat.k80-24_1_rule_2.cnf.gz-long-conf-3.dat
----- Reading file out-dats-8255561.wlm01/SAT_dat.k85-24_1_rule_1.cnf.gz-long-conf-3.dat -------
Read 600 datapoints from out-dats-8255561.wlm01/SAT_dat.k85-24_1_rule_1.cnf.gz-long-conf-3.dat
----- Reading file out-dats-8255561.wlm01/SAT_dat.k85-24_1_rule_2.cnf.gz-long-conf-3.dat -------
Read 600 datapoints from out-dats-8255561.wlm01/SAT_dat.k85-24_1_rule_2.cnf.gz-long-conf-3.dat
----- Reading file out-dats-8255561.wlm01/SAT_dat.k85-24_1_rule_3.cnf.gz-long-conf-3.dat -------
Read 600 datapoints from out-dats-8255561.wlm01/SAT_dat.k85-24_1_rule_3.cnf.gz-long-conf-3.dat
----- Reading file out-dats-8255561.wlm01/SAT_dat.k90.debugged.cnf.gz-long-conf-3.dat -------
Read 600 datapoints from out-dats-8255561.wlm01/SAT_dat.k90.debugged.cnf.gz-long-conf-3.dat
----- Reading file out-dats-8255561.wlm01/SAT_dat.k95-24_1_rule_1.cnf.gz-long-conf-3.dat -------
Read 600 datapoints from out-dats-8255561.wlm01/SAT_dat.k95-24_1_rule_1.cnf.gz-long-conf-3.dat
----- Reading file out-dats-8255561.wlm01/SAT_dat.k95-24_1_rule_2.cnf.gz-long-conf-3.dat -------
Read 600 datapoints from out-dats-8255561.wlm01/SAT_dat.k95-24_1_rule_2.cnf.gz-long-conf-3.dat
----- Reading file out-dats-8255561.wlm01/SAT_dat.k95-24_1_rule_3.cnf.gz-long-conf-3.dat -------
Read 600 datapoints from out-dats-8255561.wlm01/SAT_dat.k95-24_1_rule_3.cnf.gz-long-conf-3.dat
----- Reading file out-dats-8255561.wlm01/schup-l2s-bc56s-1-k391.cnf.gz-long-conf-3.dat -------
Read 600 datapoints from out-dats-8255561.wlm01/schup-l2s-bc56s-1-k391.cnf.gz-long-conf-3.dat
----- Reading file out-dats-8255561.wlm01/smtlib-qfbv-aigs-lfsr_004_127_112-tseitin.cnf.gz-long-conf-3.dat -------
Read 348 datapoints from out-dats-8255561.wlm01/smtlib-qfbv-aigs-lfsr_004_127_112-tseitin.cnf.gz-long-conf-3.dat
----- Reading file out-dats-8255561.wlm01/snw_13_8_CCSEncnopre.cnf.gz-long-conf-3.dat -------
Read 600 datapoints from out-dats-8255561.wlm01/snw_13_8_CCSEncnopre.cnf.gz-long-conf-3.dat
----- Reading file out-dats-8255561.wlm01/snw_13_8_CCSpreOptEncpre.cnf.gz-long-conf-3.dat -------
Read 341 datapoints from out-dats-8255561.wlm01/snw_13_8_CCSpreOptEncpre.cnf.gz-long-conf-3.dat
----- Reading file out-dats-8255561.wlm01/snw_13_8_CCSpreOptnopre.cnf.gz-long-conf-3.dat -------
Read 600 datapoints from out-dats-8255561.wlm01/snw_13_8_CCSpreOptnopre.cnf.gz-long-conf-3.dat
----- Reading file out-dats-8255561.wlm01/snw_13_8_CCSpreOptpre.cnf.gz-long-conf-3.dat -------
Read 600 datapoints from out-dats-8255561.wlm01/snw_13_8_CCSpreOptpre.cnf.gz-long-conf-3.dat
----- Reading file out-dats-8255561.wlm01/snw_13_8_pre.cnf.gz-long-conf-3.dat -------
Read 600 datapoints from out-dats-8255561.wlm01/snw_13_8_pre.cnf.gz-long-conf-3.dat
----- Reading file out-dats-8255561.wlm01/snw_16_8_nopre.cnf.gz-long-conf-3.dat -------
Read 600 datapoints from out-dats-8255561.wlm01/snw_16_8_nopre.cnf.gz-long-conf-3.dat
----- Reading file out-dats-8255561.wlm01/snw_16_8_pre.cnf.gz-long-conf-3.dat -------
Read 600 datapoints from out-dats-8255561.wlm01/snw_16_8_pre.cnf.gz-long-conf-3.dat
----- Reading file out-dats-8255561.wlm01/snw_16_8_preOpt_pre.cnf.gz-long-conf-3.dat -------
Read 600 datapoints from out-dats-8255561.wlm01/snw_16_8_preOpt_pre.cnf.gz-long-conf-3.dat
----- Reading file out-dats-8255561.wlm01/sokoban-p16.sas.cr.37.cnf.gz-long-conf-3.dat -------
Read 600 datapoints from out-dats-8255561.wlm01/sokoban-p16.sas.cr.37.cnf.gz-long-conf-3.dat
----- Reading file out-dats-8255561.wlm01/sokoban-p16.sas.ex.15.cnf.gz-long-conf-3.dat -------
Read 600 datapoints from out-dats-8255561.wlm01/sokoban-p16.sas.ex.15.cnf.gz-long-conf-3.dat
----- Reading file out-dats-8255561.wlm01/sokoban-p20.sas.cr.21.cnf.gz-long-conf-3.dat -------
Read 600 datapoints from out-dats-8255561.wlm01/sokoban-p20.sas.cr.21.cnf.gz-long-conf-3.dat
----- Reading file out-dats-8255561.wlm01/sokoban-p20.sas.cr.23.cnf.gz-long-conf-3.dat -------
Read 600 datapoints from out-dats-8255561.wlm01/sokoban-p20.sas.cr.23.cnf.gz-long-conf-3.dat
----- Reading file out-dats-8255561.wlm01/sokoban-p20.sas.cr.25.cnf.gz-long-conf-3.dat -------
Read 600 datapoints from out-dats-8255561.wlm01/sokoban-p20.sas.cr.25.cnf.gz-long-conf-3.dat
----- Reading file out-dats-8255561.wlm01/sokoban-p20.sas.cr.27.cnf.gz-long-conf-3.dat -------
Read 600 datapoints from out-dats-8255561.wlm01/sokoban-p20.sas.cr.27.cnf.gz-long-conf-3.dat
----- Reading file out-dats-8255561.wlm01/sokoban-p20.sas.ex.11.cnf.gz-long-conf-3.dat -------
Read 600 datapoints from out-dats-8255561.wlm01/sokoban-p20.sas.ex.11.cnf.gz-long-conf-3.dat
----- Reading file out-dats-8255561.wlm01/square.2.0.i.smt2-cvc4.cnf.gz-long-conf-3.dat -------
Read 0 datapoints from out-dats-8255561.wlm01/square.2.0.i.smt2-cvc4.cnf.gz-long-conf-3.dat
----- Reading file out-dats-8255561.wlm01/Sz512_15127_3.smt2-cvc4.cnf.gz-long-conf-3.dat -------
Read 600 datapoints from out-dats-8255561.wlm01/Sz512_15127_3.smt2-cvc4.cnf.gz-long-conf-3.dat
----- Reading file out-dats-8255561.wlm01/test_v3_r8_vr5_c1_s8257.smt2-stp212.cnf.gz-long-conf-3.dat -------
Read 554 datapoints from out-dats-8255561.wlm01/test_v3_r8_vr5_c1_s8257.smt2-stp212.cnf.gz-long-conf-3.dat
----- Reading file out-dats-8255561.wlm01/test_v7_r12_vr1_c1_s22787.smt2-cvc4.cnf.gz-long-conf-3.dat -------
Read 600 datapoints from out-dats-8255561.wlm01/test_v7_r12_vr1_c1_s22787.smt2-cvc4.cnf.gz-long-conf-3.dat
----- Reading file out-dats-8255561.wlm01/test_v7_r17_vr1_c1_s30331.smt2-stp212.cnf.gz-long-conf-3.dat -------
Read 600 datapoints from out-dats-8255561.wlm01/test_v7_r17_vr1_c1_s30331.smt2-stp212.cnf.gz-long-conf-3.dat
----- Reading file out-dats-8255561.wlm01/total-10-13-u.cnf.gz-long-conf-3.dat -------
Read 600 datapoints from out-dats-8255561.wlm01/total-10-13-u.cnf.gz-long-conf-3.dat
----- Reading file out-dats-8255561.wlm01/UCG-15-10p0.cnf.gz-long-conf-3.dat -------
Read 600 datapoints from out-dats-8255561.wlm01/UCG-15-10p0.cnf.gz-long-conf-3.dat
----- Reading file out-dats-8255561.wlm01/UCG-20-10p0.cnf.gz-long-conf-3.dat -------
Read 600 datapoints from out-dats-8255561.wlm01/UCG-20-10p0.cnf.gz-long-conf-3.dat
----- Reading file out-dats-8255561.wlm01/UCG-20-5p0.cnf.gz-long-conf-3.dat -------
Read 600 datapoints from out-dats-8255561.wlm01/UCG-20-5p0.cnf.gz-long-conf-3.dat
----- Reading file out-dats-8255561.wlm01/UR-15-10p0.cnf.gz-long-conf-3.dat -------
Read 600 datapoints from out-dats-8255561.wlm01/UR-15-10p0.cnf.gz-long-conf-3.dat
----- Reading file out-dats-8255561.wlm01/UR-20-10p0.cnf.gz-long-conf-3.dat -------
Read 600 datapoints from out-dats-8255561.wlm01/UR-20-10p0.cnf.gz-long-conf-3.dat
----- Reading file out-dats-8255561.wlm01/UR-20-5p0.cnf.gz-long-conf-3.dat -------
Read 600 datapoints from out-dats-8255561.wlm01/UR-20-5p0.cnf.gz-long-conf-3.dat
----- Reading file out-dats-8255561.wlm01/UTI-20-10p0.cnf.gz-long-conf-3.dat -------
Read 600 datapoints from out-dats-8255561.wlm01/UTI-20-10p0.cnf.gz-long-conf-3.dat
----- Reading file out-dats-8255561.wlm01/uum8.smt2-stp212.cnf.gz-long-conf-3.dat -------
Read 600 datapoints from out-dats-8255561.wlm01/uum8.smt2-stp212.cnf.gz-long-conf-3.dat
----- Reading file out-dats-8255561.wlm01/valves-gates-1-k617-unsat.cnf.gz-long-conf-3.dat -------
Read 600 datapoints from out-dats-8255561.wlm01/valves-gates-1-k617-unsat.cnf.gz-long-conf-3.dat
----- Reading file out-dats-8255561.wlm01/velev-vliw-uns-2.0-uq5.cnf.gz-long-conf-3.dat -------
Read 600 datapoints from out-dats-8255561.wlm01/velev-vliw-uns-2.0-uq5.cnf.gz-long-conf-3.dat
----- Reading file out-dats-8255561.wlm01/velev-vliw-uns-4.0-9.cnf.gz-long-conf-3.dat -------
Read 600 datapoints from out-dats-8255561.wlm01/velev-vliw-uns-4.0-9.cnf.gz-long-conf-3.dat
----- Reading file out-dats-8255561.wlm01/velev-vliw-uns-4.0-9-i1.cnf.gz-long-conf-3.dat -------
Read 600 datapoints from out-dats-8255561.wlm01/velev-vliw-uns-4.0-9-i1.cnf.gz-long-conf-3.dat
Concatenating dataframes...
Concated frame size: 149291
Dumping 149291 datapoint pandas data to: comb-long-conf3.dat
